<?xml version="1.0" encoding="UTF-8"?>
<testsuite name="NeedForSpeedTest" tests="1" skipped="0" failures="0" errors="0" timestamp="2024-03-29T14:12:56" hostname="air-de-dani.home" time="0.021">
  <properties/>
  <testcase name="The batteryDrained method returns true when nitro battery completely drained after driving" classname="NeedForSpeedTest" time="0.021"/>
  <system-out><![CDATA[]]></system-out>
  <system-err><![CDATA[]]></system-err>
</testsuite>
